<?xml version="1.0" encoding="UTF-8"?>
<!-- Generated by org.testng.reporters.JUnitXMLReporter -->
<testsuite hostname="NEWNODE65" ignored="0" name="Test" tests="3" failures="0" timestamp="07 Aug 2018 15:55:57 GMT" time="16.845" errors="0">
  <testcase name="login" time="15.295" classname="businessScripts.CrmLogin"/>
  <testcase name="loginVerification" time="0.2" classname="businessScripts.CrmLogin"/>
  <testcase name="calender" time="1.327" classname="businessScripts.Calender"/>
</testsuite> <!-- Test -->
