<?xml version="1.0" encoding="UTF-8"?>
<testng-results skipped="0" failed="0" ignored="0" total="3" passed="3">
  <reporter-output>
  </reporter-output>
  <suite name="Suite" duration-ms="18498" started-at="2018-08-07T14:46:08Z" finished-at="2018-08-07T14:46:26Z">
    <groups>
    </groups>
    <test name="Test" duration-ms="18498" started-at="2018-08-07T14:46:08Z" finished-at="2018-08-07T14:46:26Z">
      <class name="businessScripts.CrmLogin">
        <test-method status="PASS" signature="openBrowser(java.lang.String)[pri:0, instance:businessScripts.CrmLogin@1088d51]" name="openBrowser" is-config="true" duration-ms="10528" started-at="2018-08-07T14:45:57Z" finished-at="2018-08-07T14:46:08Z">
          <params>
            <param index="0">
              <value>
                <![CDATA[firefox]]>
              </value>
            </param>
          </params>
          <reporter-output>
          </reporter-output>
        </test-method> <!-- openBrowser -->
        <test-method status="PASS" signature="login()[pri:0, instance:businessScripts.CrmLogin@1088d51]" name="login" duration-ms="9103" started-at="2018-08-07T14:46:08Z" finished-at="2018-08-07T14:46:17Z">
          <reporter-output>
          </reporter-output>
        </test-method> <!-- login -->
        <test-method status="PASS" signature="loginVerification()[pri:0, instance:businessScripts.CrmLogin@1088d51]" name="loginVerification" duration-ms="9262" started-at="2018-08-07T14:46:17Z" depends-on-methods="businessScripts.CrmLogin.login" finished-at="2018-08-07T14:46:26Z">
          <reporter-output>
          </reporter-output>
        </test-method> <!-- loginVerification -->
        <test-method status="PASS" signature="logoutClick()[pri:0, instance:businessScripts.CrmLogin@1088d51]" name="logoutClick" duration-ms="116" started-at="2018-08-07T14:46:26Z" depends-on-methods="businessScripts.CrmLogin.login" finished-at="2018-08-07T14:46:26Z">
          <reporter-output>
          </reporter-output>
        </test-method> <!-- logoutClick -->
        <test-method status="PASS" signature="closeBrowser()[pri:0, instance:businessScripts.CrmLogin@1088d51]" name="closeBrowser" is-config="true" duration-ms="0" started-at="2018-08-07T14:46:26Z" finished-at="2018-08-07T14:46:26Z">
          <reporter-output>
          </reporter-output>
        </test-method> <!-- closeBrowser -->
      </class> <!-- businessScripts.CrmLogin -->
    </test> <!-- Test -->
  </suite> <!-- Suite -->
</testng-results>
