<?xml version="1.0" encoding="UTF-8"?>
<testng-results skipped="0" failed="0" ignored="0" total="2" passed="2">
  <reporter-output>
  </reporter-output>
  <suite name="Default suite" duration-ms="415" started-at="2018-08-08T13:16:02Z" finished-at="2018-08-08T13:16:02Z">
    <groups>
    </groups>
    <test name="Default test" duration-ms="415" started-at="2018-08-08T13:16:02Z" finished-at="2018-08-08T13:16:02Z">
      <class name="businessScripts.DataProviderEx">
        <test-method status="PASS" signature="login(java.lang.String, java.lang.String, java.lang.String, java.lang.String, java.lang.String)[pri:0, instance:businessScripts.DataProviderEx@1eb8acf]" name="login" duration-ms="5" started-at="2018-08-08T13:16:02Z" data-provider="excelData" finished-at="2018-08-08T13:16:02Z">
          <params>
            <param index="0">
              <value>
                <![CDATA[name]]>
              </value>
            </param>
            <param index="1">
              <value>
                <![CDATA[password]]>
              </value>
            </param>
            <param index="2">
              <value>
                <![CDATA[ssn]]>
              </value>
            </param>
            <param index="3">
              <value>
                <![CDATA[dob]]>
              </value>
            </param>
            <param index="4">
              <value is-null="true"/>
            </param>
          </params>
          <reporter-output>
          </reporter-output>
        </test-method> <!-- login -->
        <test-method status="PASS" signature="login(java.lang.String, java.lang.String, java.lang.String, java.lang.String, java.lang.String)[pri:0, instance:businessScripts.DataProviderEx@1eb8acf]" name="login" duration-ms="1" started-at="2018-08-08T13:16:02Z" data-provider="excelData" finished-at="2018-08-08T13:16:02Z">
          <params>
            <param index="0">
              <value>
                <![CDATA[name1]]>
              </value>
            </param>
            <param index="1">
              <value>
                <![CDATA[password1]]>
              </value>
            </param>
            <param index="2">
              <value>
                <![CDATA[ssn1]]>
              </value>
            </param>
            <param index="3">
              <value>
                <![CDATA[dob1]]>
              </value>
            </param>
            <param index="4">
              <value>
                <![CDATA[address1]]>
              </value>
            </param>
          </params>
          <reporter-output>
          </reporter-output>
        </test-method> <!-- login -->
      </class> <!-- businessScripts.DataProviderEx -->
    </test> <!-- Default test -->
  </suite> <!-- Default suite -->
</testng-results>
