<?xml version="1.0" encoding="UTF-8"?>
<testng-results skipped="0" failed="0" ignored="0" total="3" passed="3">
  <reporter-output>
  </reporter-output>
  <suite name="Suite" duration-ms="16845" started-at="2018-08-07T15:55:40Z" finished-at="2018-08-07T15:55:57Z">
    <groups>
    </groups>
    <test name="Test" duration-ms="16845" started-at="2018-08-07T15:55:40Z" finished-at="2018-08-07T15:55:57Z">
      <class name="businessScripts.Calender">
        <test-method status="PASS" signature="calender()[pri:0, instance:businessScripts.Calender@70a3d8]" name="calender" duration-ms="1327" started-at="2018-08-07T15:55:56Z" finished-at="2018-08-07T15:55:57Z">
          <reporter-output>
          </reporter-output>
        </test-method> <!-- calender -->
      </class> <!-- businessScripts.Calender -->
      <class name="businessScripts.CrmLogin">
        <test-method status="PASS" signature="openBrowser(java.lang.String)[pri:0, instance:businessScripts.CrmLogin@1881071]" name="openBrowser" is-config="true" duration-ms="5915" started-at="2018-08-07T15:55:34Z" finished-at="2018-08-07T15:55:40Z">
          <params>
            <param index="0">
              <value>
                <![CDATA[firefox]]>
              </value>
            </param>
          </params>
          <reporter-output>
          </reporter-output>
        </test-method> <!-- openBrowser -->
        <test-method status="PASS" signature="login()[pri:0, instance:businessScripts.CrmLogin@1881071]" name="login" duration-ms="15295" started-at="2018-08-07T15:55:40Z" finished-at="2018-08-07T15:55:55Z">
          <reporter-output>
          </reporter-output>
        </test-method> <!-- login -->
        <test-method status="PASS" signature="loginVerification()[pri:0, instance:businessScripts.CrmLogin@1881071]" name="loginVerification" duration-ms="200" started-at="2018-08-07T15:55:55Z" depends-on-methods="businessScripts.CrmLogin.login" finished-at="2018-08-07T15:55:56Z">
          <reporter-output>
          </reporter-output>
        </test-method> <!-- loginVerification -->
        <test-method status="PASS" signature="closeBrowser()[pri:0, instance:businessScripts.CrmLogin@1881071]" name="closeBrowser" is-config="true" duration-ms="0" started-at="2018-08-07T15:55:57Z" finished-at="2018-08-07T15:55:57Z">
          <reporter-output>
          </reporter-output>
        </test-method> <!-- closeBrowser -->
      </class> <!-- businessScripts.CrmLogin -->
    </test> <!-- Test -->
  </suite> <!-- Suite -->
</testng-results>
